2012-01-09 15:39:31 Notice: Notice (8): Undefined property: UsersController::$CompanyRecruiter in [/opt/lampp/htdocs/hireroutes/app/controllers/users_controller.php, line 35]
2012-01-09 16:17:30 Notice: Notice (8): Undefined property: Users::$validates in [/opt/lampp/htdocs/hireroutes/app/controllers/users_controller.php, line 35]
2012-01-09 16:23:13 Notice: Notice (8): Undefined variable: errors in [/opt/lampp/htdocs/hireroutes/app/views/users/company_recruiter_signup.ctp, line 2]
2012-01-09 16:23:56 Notice: Notice (8): Undefined variable: errors in [/opt/lampp/htdocs/hireroutes/app/views/users/company_recruiter_signup.ctp, line 2]
2012-01-09 16:24:43 Notice: Notice (8): Undefined variable: errors in [/opt/lampp/htdocs/hireroutes/app/views/users/company_recruiter_signup.ctp, line 2]
2012-01-09 16:32:39 Notice: Notice (8): Undefined variable: errors in [/opt/lampp/htdocs/hireroutes/app/views/users/company_recruiter_signup.ctp, line 2]
2012-01-09 16:32:43 Notice: Notice (8): Undefined variable: errors in [/opt/lampp/htdocs/hireroutes/app/views/users/company_recruiter_signup.ctp, line 2]
2012-01-09 16:38:04 Notice: Notice (8): Undefined variable: errors in [/opt/lampp/htdocs/hireroutes/app/views/users/company_recruiter_signup.ctp, line 2]
2012-01-09 16:38:09 Notice: Notice (8): Undefined variable: errors in [/opt/lampp/htdocs/hireroutes/app/views/users/company_recruiter_signup.ctp, line 2]
2012-01-09 16:38:13 Notice: Notice (8): Undefined variable: errors in [/opt/lampp/htdocs/hireroutes/app/views/users/company_recruiter_signup.ctp, line 2]
2012-01-10 06:12:27 Notice: Notice (8): Undefined variable: error in [/opt/lampp/htdocs/hireroutes/app/views/users/company_recruiter_signup.ctp, line 78]
2012-01-10 06:12:44 Notice: Notice (8): Undefined variable: error in [/opt/lampp/htdocs/hireroutes/app/views/users/company_recruiter_signup.ctp, line 78]
2012-01-10 06:12:45 Notice: Notice (8): Undefined variable: error in [/opt/lampp/htdocs/hireroutes/app/views/users/company_recruiter_signup.ctp, line 78]
2012-01-10 06:13:04 Notice: Notice (8): Undefined variable: errors in [/opt/lampp/htdocs/hireroutes/app/views/users/company_recruiter_signup.ctp, line 78]
2012-01-10 06:13:22 Notice: Notice (8): Undefined variable: errors in [/opt/lampp/htdocs/hireroutes/app/views/users/company_recruiter_signup.ctp, line 78]
2012-01-10 06:13:28 Notice: Notice (8): Undefined variable: errors in [/opt/lampp/htdocs/hireroutes/app/views/users/company_recruiter_signup.ctp, line 78]
2012-01-10 06:15:40 Notice: Notice (8): Undefined variable: errors in [/opt/lampp/htdocs/hireroutes/app/views/users/company_recruiter_signup.ctp, line 80]
2012-01-10 06:15:44 Notice: Notice (8): Undefined variable: errors in [/opt/lampp/htdocs/hireroutes/app/views/users/company_recruiter_signup.ctp, line 80]
2012-01-10 06:24:41 Notice: Notice (8): Undefined index: id in [/opt/lampp/htdocs/hireroutes/app/controllers/users_controller.php, line 21]
2012-01-10 06:24:50 Notice: Notice (8): Undefined index: id in [/opt/lampp/htdocs/hireroutes/app/controllers/users_controller.php, line 21]
2012-01-10 06:25:06 Notice: Notice (8): Undefined index: id in [/opt/lampp/htdocs/hireroutes/app/controllers/users_controller.php, line 21]
2012-01-10 06:30:32 Notice: Notice (8): Uninitialized string offset: 0 in [/opt/lampp/htdocs/hireroutes/cake/libs/view/view.php, line 856]
2012-01-10 06:48:15 Notice: Notice (8): Undefined index: id in [/opt/lampp/htdocs/hireroutes/app/controllers/users_controller.php, line 21]
2012-01-10 06:48:20 Notice: Notice (8): Undefined index: id in [/opt/lampp/htdocs/hireroutes/app/controllers/users_controller.php, line 21]
2012-01-10 06:49:12 Notice: Notice (8): Undefined index: id in [/opt/lampp/htdocs/hireroutes/app/controllers/users_controller.php, line 21]
2012-01-10 06:49:12 Notice: Notice (8): Undefined variable: confirmation_email in [/opt/lampp/htdocs/hireroutes/app/views/users/confirmation.ctp, line 7]
2012-01-10 06:49:32 Notice: Notice (8): Undefined index: id in [/opt/lampp/htdocs/hireroutes/app/controllers/users_controller.php, line 21]
2012-01-10 06:49:32 Notice: Notice (8): Undefined variable: confirmation_email in [/opt/lampp/htdocs/hireroutes/app/views/users/confirmation.ctp, line 7]
2012-01-10 06:49:35 Notice: Notice (8): Undefined index: id in [/opt/lampp/htdocs/hireroutes/app/controllers/users_controller.php, line 21]
2012-01-10 06:49:35 Notice: Notice (8): Undefined variable: confirmation_email in [/opt/lampp/htdocs/hireroutes/app/views/users/confirmation.ctp, line 7]
2012-01-10 06:50:12 Notice: Notice (8): Undefined index: id in [/opt/lampp/htdocs/hireroutes/app/controllers/users_controller.php, line 21]
2012-01-10 06:50:28 Notice: Notice (8): Undefined index: id in [/opt/lampp/htdocs/hireroutes/app/controllers/users_controller.php, line 21]
2012-01-10 06:50:31 Notice: Notice (8): Undefined index: id in [/opt/lampp/htdocs/hireroutes/app/controllers/users_controller.php, line 21]
2012-01-10 09:19:59 Notice: Notice (8): Use of undefined constant rootURL - assumed 'rootURL' in [/opt/lampp/htdocs/hireroutes/app/views/users/user_selection.ctp, line 2]
2012-01-11 08:35:28 Notice: Notice (8): Undefined variable: FB_user_profil in [/opt/lampp/htdocs/hireroutes/app/controllers/users_controller.php, line 194]
2012-01-11 08:42:53 Notice: Notice (8): Undefined variable: FBloginUrl in [/opt/lampp/htdocs/hireroutes/app/controllers/users_controller.php, line 205]
2012-01-11 08:44:20 Notice: Notice (8): Undefined variable: FBloginUrl in [/opt/lampp/htdocs/hireroutes/app/controllers/users_controller.php, line 206]
2012-01-11 08:46:54 Notice: Notice (8): Undefined variable: FBloginlogoutUrl in [/opt/lampp/htdocs/hireroutes/app/views/users/facebook_user.ctp, line 7]
2012-01-11 08:46:54 Notice: Notice (8): Undefined variable: faceBookUserData in [/opt/lampp/htdocs/hireroutes/app/views/users/facebook_user.ctp, line 11]
2012-01-11 08:46:54 Notice: Notice (8): Undefined variable: faceBookUserData in [/opt/lampp/htdocs/hireroutes/app/views/users/facebook_user.ctp, line 12]
2012-01-11 08:47:23 Notice: Notice (8): Undefined variable: faceBookUserData in [/opt/lampp/htdocs/hireroutes/app/views/users/facebook_user.ctp, line 11]
2012-01-11 08:47:23 Notice: Notice (8): Undefined variable: faceBookUserData in [/opt/lampp/htdocs/hireroutes/app/views/users/facebook_user.ctp, line 12]
2012-01-11 08:47:23 Notice: Notice (8): Undefined variable: faceBookUserData in [/opt/lampp/htdocs/hireroutes/app/views/users/facebook_user.ctp, line 11]
2012-01-11 08:47:23 Notice: Notice (8): Undefined variable: faceBookUserData in [/opt/lampp/htdocs/hireroutes/app/views/users/facebook_user.ctp, line 12]
2012-01-11 08:47:23 Notice: Notice (8): Undefined variable: faceBookUserData in [/opt/lampp/htdocs/hireroutes/app/views/users/facebook_user.ctp, line 11]
2012-01-11 08:47:23 Notice: Notice (8): Undefined variable: faceBookUserData in [/opt/lampp/htdocs/hireroutes/app/views/users/facebook_user.ctp, line 12]
2012-01-11 08:47:23 Notice: Notice (8): Undefined variable: faceBookUserData in [/opt/lampp/htdocs/hireroutes/app/views/users/facebook_user.ctp, line 11]
2012-01-11 08:47:23 Notice: Notice (8): Undefined variable: faceBookUserData in [/opt/lampp/htdocs/hireroutes/app/views/users/facebook_user.ctp, line 12]
2012-01-11 08:47:23 Notice: Notice (8): Undefined variable: faceBookUserData in [/opt/lampp/htdocs/hireroutes/app/views/users/facebook_user.ctp, line 11]
2012-01-11 08:47:23 Notice: Notice (8): Undefined variable: faceBookUserData in [/opt/lampp/htdocs/hireroutes/app/views/users/facebook_user.ctp, line 12]
2012-01-11 08:47:23 Notice: Notice (8): Undefined variable: faceBookUserData in [/opt/lampp/htdocs/hireroutes/app/views/users/facebook_user.ctp, line 11]
2012-01-11 08:47:23 Notice: Notice (8): Undefined variable: faceBookUserData in [/opt/lampp/htdocs/hireroutes/app/views/users/facebook_user.ctp, line 12]
2012-01-11 08:47:23 Notice: Notice (8): Undefined variable: faceBookUserData in [/opt/lampp/htdocs/hireroutes/app/views/users/facebook_user.ctp, line 11]
2012-01-11 08:47:23 Notice: Notice (8): Undefined variable: faceBookUserData in [/opt/lampp/htdocs/hireroutes/app/views/users/facebook_user.ctp, line 12]
2012-01-11 08:47:23 Notice: Notice (8): Undefined variable: faceBookUserData in [/opt/lampp/htdocs/hireroutes/app/views/users/facebook_user.ctp, line 11]
2012-01-11 08:47:23 Notice: Notice (8): Undefined variable: faceBookUserData in [/opt/lampp/htdocs/hireroutes/app/views/users/facebook_user.ctp, line 12]
2012-01-11 08:47:23 Notice: Notice (8): Undefined variable: faceBookUserData in [/opt/lampp/htdocs/hireroutes/app/views/users/facebook_user.ctp, line 11]
2012-01-11 08:47:23 Notice: Notice (8): Undefined variable: faceBookUserData in [/opt/lampp/htdocs/hireroutes/app/views/users/facebook_user.ctp, line 12]
2012-01-11 08:47:23 Notice: Notice (8): Undefined variable: faceBookUserData in [/opt/lampp/htdocs/hireroutes/app/views/users/facebook_user.ctp, line 11]
2012-01-11 08:47:23 Notice: Notice (8): Undefined variable: faceBookUserData in [/opt/lampp/htdocs/hireroutes/app/views/users/facebook_user.ctp, line 12]
2012-01-11 08:47:23 Notice: Notice (8): Undefined variable: faceBookUserData in [/opt/lampp/htdocs/hireroutes/app/views/users/facebook_user.ctp, line 11]
2012-01-11 08:47:23 Notice: Notice (8): Undefined variable: faceBookUserData in [/opt/lampp/htdocs/hireroutes/app/views/users/facebook_user.ctp, line 12]
2012-01-11 08:47:23 Notice: Notice (8): Undefined variable: faceBookUserData in [/opt/lampp/htdocs/hireroutes/app/views/users/facebook_user.ctp, line 11]
2012-01-11 08:47:23 Notice: Notice (8): Undefined variable: faceBookUserData in [/opt/lampp/htdocs/hireroutes/app/views/users/facebook_user.ctp, line 12]
2012-01-11 08:47:24 Notice: Notice (8): Undefined variable: faceBookUserData in [/opt/lampp/htdocs/hireroutes/app/views/users/facebook_user.ctp, line 11]
2012-01-11 08:47:24 Notice: Notice (8): Undefined variable: faceBookUserData in [/opt/lampp/htdocs/hireroutes/app/views/users/facebook_user.ctp, line 12]
2012-01-11 08:47:24 Notice: Notice (8): Undefined variable: faceBookUserData in [/opt/lampp/htdocs/hireroutes/app/views/users/facebook_user.ctp, line 11]
2012-01-11 08:47:24 Notice: Notice (8): Undefined variable: faceBookUserData in [/opt/lampp/htdocs/hireroutes/app/views/users/facebook_user.ctp, line 12]
2012-01-11 08:47:24 Notice: Notice (8): Undefined variable: faceBookUserData in [/opt/lampp/htdocs/hireroutes/app/views/users/facebook_user.ctp, line 11]
2012-01-11 08:47:24 Notice: Notice (8): Undefined variable: faceBookUserData in [/opt/lampp/htdocs/hireroutes/app/views/users/facebook_user.ctp, line 12]
2012-01-11 08:47:24 Notice: Notice (8): Undefined variable: faceBookUserData in [/opt/lampp/htdocs/hireroutes/app/views/users/facebook_user.ctp, line 11]
2012-01-11 08:47:24 Notice: Notice (8): Undefined variable: faceBookUserData in [/opt/lampp/htdocs/hireroutes/app/views/users/facebook_user.ctp, line 12]
2012-01-11 08:47:24 Notice: Notice (8): Undefined variable: faceBookUserData in [/opt/lampp/htdocs/hireroutes/app/views/users/facebook_user.ctp, line 11]
2012-01-11 08:47:24 Notice: Notice (8): Undefined variable: faceBookUserData in [/opt/lampp/htdocs/hireroutes/app/views/users/facebook_user.ctp, line 12]
2012-01-11 08:47:24 Notice: Notice (8): Undefined variable: faceBookUserData in [/opt/lampp/htdocs/hireroutes/app/views/users/facebook_user.ctp, line 11]
2012-01-11 08:47:24 Notice: Notice (8): Undefined variable: faceBookUserData in [/opt/lampp/htdocs/hireroutes/app/views/users/facebook_user.ctp, line 12]
2012-01-11 08:47:24 Notice: Notice (8): Undefined variable: faceBookUserData in [/opt/lampp/htdocs/hireroutes/app/views/users/facebook_user.ctp, line 11]
2012-01-11 08:47:24 Notice: Notice (8): Undefined variable: faceBookUserData in [/opt/lampp/htdocs/hireroutes/app/views/users/facebook_user.ctp, line 12]
2012-01-11 08:47:24 Notice: Notice (8): Undefined variable: faceBookUserData in [/opt/lampp/htdocs/hireroutes/app/views/users/facebook_user.ctp, line 11]
2012-01-11 08:47:24 Notice: Notice (8): Undefined variable: faceBookUserData in [/opt/lampp/htdocs/hireroutes/app/views/users/facebook_user.ctp, line 12]
2012-01-11 08:47:24 Notice: Notice (8): Undefined variable: faceBookUserData in [/opt/lampp/htdocs/hireroutes/app/views/users/facebook_user.ctp, line 11]
2012-01-11 08:47:24 Notice: Notice (8): Undefined variable: faceBookUserData in [/opt/lampp/htdocs/hireroutes/app/views/users/facebook_user.ctp, line 12]
2012-01-11 08:47:34 Notice: Notice (8): Undefined variable: faceBookUserData in [/opt/lampp/htdocs/hireroutes/app/views/users/facebook_user.ctp, line 11]
2012-01-11 08:47:34 Notice: Notice (8): Undefined variable: faceBookUserData in [/opt/lampp/htdocs/hireroutes/app/views/users/facebook_user.ctp, line 12]
2012-01-11 08:47:37 Notice: Notice (8): Undefined variable: faceBookUserData in [/opt/lampp/htdocs/hireroutes/app/views/users/facebook_user.ctp, line 11]
2012-01-11 08:47:37 Notice: Notice (8): Undefined variable: faceBookUserData in [/opt/lampp/htdocs/hireroutes/app/views/users/facebook_user.ctp, line 12]
2012-01-11 08:47:39 Notice: Notice (8): Undefined variable: faceBookUserData in [/opt/lampp/htdocs/hireroutes/app/views/users/facebook_user.ctp, line 11]
2012-01-11 08:47:39 Notice: Notice (8): Undefined variable: faceBookUserData in [/opt/lampp/htdocs/hireroutes/app/views/users/facebook_user.ctp, line 12]
2012-01-11 08:48:25 Notice: Notice (8): Undefined variable: faceBookUserData in [/opt/lampp/htdocs/hireroutes/app/views/users/facebook_user.ctp, line 11]
2012-01-11 08:48:25 Notice: Notice (8): Undefined variable: faceBookUserData in [/opt/lampp/htdocs/hireroutes/app/views/users/facebook_user.ctp, line 12]
2012-01-11 08:49:02 Notice: Notice (8): Undefined variable: faceBookUserData in [/opt/lampp/htdocs/hireroutes/app/views/users/facebook_user.ctp, line 11]
2012-01-11 08:49:02 Notice: Notice (8): Undefined variable: faceBookUserData in [/opt/lampp/htdocs/hireroutes/app/views/users/facebook_user.ctp, line 12]
2012-01-11 08:50:10 Notice: Notice (8): Undefined variable: faceBookUserData in [/opt/lampp/htdocs/hireroutes/app/views/users/facebook_user.ctp, line 10]
2012-01-11 17:47:38 Notice: Notice (8): Undefined property: UsersController::$FacebookUsers in [/opt/lampp/htdocs/hireroutes/app/controllers/users_controller.php, line 216]
2012-01-12 07:16:26 Notice: Notice (8): Use of undefined constant PHP_SESSION - assumed 'PHP_SESSION' in [/opt/lampp/htdocs/hireroutes/app/controllers/users_controller.php, line 209]
2012-01-12 07:33:51 Notice: Notice (8): Undefined index: id in [/opt/lampp/htdocs/hireroutes/app/controllers/users_controller.php, line 217]
2012-01-12 07:33:51 Notice: Notice (8): Undefined index: first_name in [/opt/lampp/htdocs/hireroutes/app/controllers/users_controller.php, line 218]
2012-01-12 07:33:51 Notice: Notice (8): Undefined index: last_name in [/opt/lampp/htdocs/hireroutes/app/controllers/users_controller.php, line 219]
2012-01-12 07:33:51 Notice: Notice (8): Undefined index: timezone in [/opt/lampp/htdocs/hireroutes/app/controllers/users_controller.php, line 220]
2012-01-12 07:33:51 Notice: Notice (8): Undefined index: gender in [/opt/lampp/htdocs/hireroutes/app/controllers/users_controller.php, line 221]
2012-01-12 07:34:06 Notice: Notice (8): Undefined index: id in [/opt/lampp/htdocs/hireroutes/app/controllers/users_controller.php, line 217]
2012-01-12 07:34:06 Notice: Notice (8): Undefined index: first_name in [/opt/lampp/htdocs/hireroutes/app/controllers/users_controller.php, line 218]
2012-01-12 07:34:06 Notice: Notice (8): Undefined index: last_name in [/opt/lampp/htdocs/hireroutes/app/controllers/users_controller.php, line 219]
2012-01-12 07:34:06 Notice: Notice (8): Undefined index: timezone in [/opt/lampp/htdocs/hireroutes/app/controllers/users_controller.php, line 220]
2012-01-12 07:34:06 Notice: Notice (8): Undefined index: gender in [/opt/lampp/htdocs/hireroutes/app/controllers/users_controller.php, line 221]
2012-01-12 07:34:46 Notice: Notice (8): Undefined index: id in [/opt/lampp/htdocs/hireroutes/app/controllers/users_controller.php, line 217]
2012-01-12 07:34:46 Notice: Notice (8): Undefined index: first_name in [/opt/lampp/htdocs/hireroutes/app/controllers/users_controller.php, line 218]
2012-01-12 07:34:46 Notice: Notice (8): Undefined index: last_name in [/opt/lampp/htdocs/hireroutes/app/controllers/users_controller.php, line 219]
2012-01-12 07:34:46 Notice: Notice (8): Undefined index: timezone in [/opt/lampp/htdocs/hireroutes/app/controllers/users_controller.php, line 220]
2012-01-12 07:34:46 Notice: Notice (8): Undefined index: gender in [/opt/lampp/htdocs/hireroutes/app/controllers/users_controller.php, line 221]
2012-01-12 07:34:46 Notice: Notice (8): Uninitialized string offset: 0 in [/opt/lampp/htdocs/hireroutes/cake/libs/view/view.php, line 856]
2012-01-12 07:36:03 Notice: Notice (8): Undefined index: id in [/opt/lampp/htdocs/hireroutes/app/controllers/users_controller.php, line 217]
2012-01-12 07:36:03 Notice: Notice (8): Undefined index: first_name in [/opt/lampp/htdocs/hireroutes/app/controllers/users_controller.php, line 218]
2012-01-12 07:36:03 Notice: Notice (8): Undefined index: last_name in [/opt/lampp/htdocs/hireroutes/app/controllers/users_controller.php, line 219]
2012-01-12 07:36:03 Notice: Notice (8): Undefined index: timezone in [/opt/lampp/htdocs/hireroutes/app/controllers/users_controller.php, line 220]
2012-01-12 07:36:03 Notice: Notice (8): Undefined index: gender in [/opt/lampp/htdocs/hireroutes/app/controllers/users_controller.php, line 221]
2012-01-12 07:36:03 Notice: Notice (8): Uninitialized string offset: 0 in [/opt/lampp/htdocs/hireroutes/cake/libs/view/view.php, line 856]
2012-01-12 07:44:53 Notice: Notice (8): Undefined index: id in [/opt/lampp/htdocs/hireroutes/app/controllers/users_controller.php, line 222]
2012-01-12 11:52:32 Notice: Notice (8): Undefined variable: FBloginlogoutUrl in [/opt/lampp/htdocs/hireroutes/app/controllers/users_controller.php, line 203]
2012-01-12 11:52:32 Notice: Notice (8): Undefined variable: fbButtonClass in [/opt/lampp/htdocs/hireroutes/app/views/users/facebook_user.ctp, line 7]
2012-01-12 11:52:32 Notice: Notice (8): Undefined variable: faceBookUserData in [/opt/lampp/htdocs/hireroutes/app/views/users/facebook_user.ctp, line 11]
2012-01-12 11:53:57 Notice: Notice (8): Undefined variable: fbButtonClass in [/opt/lampp/htdocs/hireroutes/app/views/users/facebook_user.ctp, line 7]
2012-01-12 11:53:57 Notice: Notice (8): Undefined variable: faceBookUserData in [/opt/lampp/htdocs/hireroutes/app/views/users/facebook_user.ctp, line 11]
2012-01-12 11:54:01 Notice: Notice (8): Undefined variable: fbButtonClass in [/opt/lampp/htdocs/hireroutes/app/views/users/facebook_user.ctp, line 7]
2012-01-12 11:54:01 Notice: Notice (8): Undefined variable: faceBookUserData in [/opt/lampp/htdocs/hireroutes/app/views/users/facebook_user.ctp, line 11]
2012-01-12 11:54:35 Notice: Notice (8): Undefined variable: faceBookUserData in [/opt/lampp/htdocs/hireroutes/app/views/users/facebook_user.ctp, line 11]
2012-01-12 12:21:24 Notice: Notice (8): Undefined index: id in [/opt/lampp/htdocs/hireroutes/app/views/users/facebook_user.ctp, line 13]
2012-01-12 12:23:22 Notice: Notice (8): Undefined variable: FBloginlogoutUrl in [/opt/lampp/htdocs/hireroutes/app/controllers/users_controller.php, line 203]
2012-01-12 12:23:22 Notice: Notice (8): Undefined variable: fbButtonClass in [/opt/lampp/htdocs/hireroutes/app/controllers/users_controller.php, line 204]
2012-01-12 12:23:22 Notice: Notice (8): Undefined variable: faceBookUserData in [/opt/lampp/htdocs/hireroutes/app/views/users/facebook_user.ctp, line 11]
2012-01-12 12:24:17 Notice: Notice (8): Undefined variable: faceBookUserData in [/opt/lampp/htdocs/hireroutes/app/views/users/facebook_user.ctp, line 11]
2012-01-12 12:25:35 Notice: Notice (8): Undefined variable: FB_UserInfo in [/opt/lampp/htdocs/hireroutes/app/controllers/users_controller.php, line 206]
2012-01-12 12:26:30 Notice: Notice (8): Undefined variable: FBloginlogoutUrl in [/opt/lampp/htdocs/hireroutes/app/controllers/users_controller.php, line 208]
2012-01-12 12:26:30 Notice: Notice (8): Undefined variable: fbButtonClass in [/opt/lampp/htdocs/hireroutes/app/controllers/users_controller.php, line 209]
2012-01-12 12:26:30 Notice: Notice (8): Undefined variable: faceBookUserData in [/opt/lampp/htdocs/hireroutes/app/views/users/facebook_user.ctp, line 11]
2012-01-12 12:27:42 Notice: Notice (8): Undefined variable: faceBookUserData in [/opt/lampp/htdocs/hireroutes/app/views/users/facebook_user.ctp, line 11]
2012-01-12 12:30:19 Notice: Notice (8): Undefined variable: faceBookUserData in [/opt/lampp/htdocs/hireroutes/app/views/users/facebook_user.ctp, line 13]
2012-01-12 12:31:24 Notice: Notice (8): Undefined variable: faceBookUserData in [/opt/lampp/htdocs/hireroutes/app/views/users/facebook_user.ctp, line 13]
2012-01-12 12:34:17 Notice: Notice (8): Undefined variable: faceBookUserData in [/opt/lampp/htdocs/hireroutes/app/views/users/facebook_user.ctp, line 13]
2012-01-12 12:35:07 Notice: Notice (8): Undefined variable: faceBookUserData in [/opt/lampp/htdocs/hireroutes/app/views/users/facebook_user.ctp, line 13]
2012-01-12 12:38:13 Notice: Notice (8): Undefined variable: faceBookUserData in [/opt/lampp/htdocs/hireroutes/app/views/users/facebook_user.ctp, line 13]
2012-01-12 13:29:01 Notice: Notice (8): Undefined variable: fbButtonClass in [/opt/lampp/htdocs/hireroutes/app/views/users/facebook_user.ctp, line 8]
2012-01-12 13:29:12 Notice: Notice (8): Undefined variable: fbButtonClass in [/opt/lampp/htdocs/hireroutes/app/views/users/facebook_user.ctp, line 8]
2012-01-12 13:31:49 Notice: Notice (8): Undefined index: first_name in [/opt/lampp/htdocs/hireroutes/app/views/users/facebook_user.ctp, line 14]
2012-01-12 13:31:49 Notice: Notice (8): Undefined index: last_name in [/opt/lampp/htdocs/hireroutes/app/views/users/facebook_user.ctp, line 14]
2012-01-12 13:31:49 Notice: Notice (8): Undefined index: facebook_id in [/opt/lampp/htdocs/hireroutes/app/views/users/facebook_user.ctp, line 15]
2012-01-12 13:32:32 Notice: Notice (8): Undefined index: firstname in [/opt/lampp/htdocs/hireroutes/app/views/users/facebook_user.ctp, line 14]
2012-01-12 13:32:32 Notice: Notice (8): Undefined index: lastname in [/opt/lampp/htdocs/hireroutes/app/views/users/facebook_user.ctp, line 14]
2012-01-12 13:32:32 Notice: Notice (8): Undefined index: facebook_id in [/opt/lampp/htdocs/hireroutes/app/views/users/facebook_user.ctp, line 15]
2012-01-12 13:33:17 Notice: Notice (8): Undefined index: firstname in [/opt/lampp/htdocs/hireroutes/app/views/users/facebook_user.ctp, line 16]
2012-01-12 13:33:17 Notice: Notice (8): Undefined index: lastname in [/opt/lampp/htdocs/hireroutes/app/views/users/facebook_user.ctp, line 16]
2012-01-12 13:33:17 Notice: Notice (8): Undefined index: facebook_id in [/opt/lampp/htdocs/hireroutes/app/views/users/facebook_user.ctp, line 17]
2012-01-12 13:34:03 Notice: Notice (8): Undefined index: firstname in [/opt/lampp/htdocs/hireroutes/app/views/users/facebook_user.ctp, line 14]
2012-01-12 13:34:03 Notice: Notice (8): Undefined index: lastname in [/opt/lampp/htdocs/hireroutes/app/views/users/facebook_user.ctp, line 14]
2012-01-12 13:50:55 Notice: Notice (8): Uninitialized string offset: 0 in [/opt/lampp/htdocs/hireroutes/cake/libs/view/view.php, line 856]
2012-01-12 13:51:38 Notice: Notice (8): Uninitialized string offset: 0 in [/opt/lampp/htdocs/hireroutes/cake/libs/view/view.php, line 856]
2012-01-12 13:52:39 Notice: Notice (8): Uninitialized string offset: 0 in [/opt/lampp/htdocs/hireroutes/cake/libs/view/view.php, line 856]
2012-01-12 13:53:25 Notice: Notice (8): Uninitialized string offset: 0 in [/opt/lampp/htdocs/hireroutes/cake/libs/view/view.php, line 856]
2012-01-12 13:55:26 Notice: Notice (8): Uninitialized string offset: 0 in [/opt/lampp/htdocs/hireroutes/cake/libs/view/view.php, line 856]
2012-01-12 13:56:14 Notice: Notice (8): Uninitialized string offset: 0 in [/opt/lampp/htdocs/hireroutes/cake/libs/view/view.php, line 856]
2012-01-12 13:57:13 Notice: Notice (8): Undefined variable: FB_USER in [/opt/lampp/htdocs/hireroutes/app/controllers/users_controller.php, line 251]
2012-01-12 13:57:13 Notice: Notice (8): Undefined variable: FB_USER in [/opt/lampp/htdocs/hireroutes/app/controllers/users_controller.php, line 252]
2012-01-12 13:58:16 Notice: Notice (8): Undefined index: first_name in [/opt/lampp/htdocs/hireroutes/app/views/users/facebook_user.ctp, line 14]
2012-01-12 13:58:16 Notice: Notice (8): Undefined index: last_name in [/opt/lampp/htdocs/hireroutes/app/views/users/facebook_user.ctp, line 14]
2012-01-12 13:58:16 Notice: Notice (8): Undefined index: facebook_id in [/opt/lampp/htdocs/hireroutes/app/views/users/facebook_user.ctp, line 15]
2012-01-12 13:59:01 Notice: Notice (8): Undefined index: first_name in [/opt/lampp/htdocs/hireroutes/app/views/users/facebook_user.ctp, line 14]
2012-01-12 13:59:01 Notice: Notice (8): Undefined index: last_name in [/opt/lampp/htdocs/hireroutes/app/views/users/facebook_user.ctp, line 14]
2012-01-12 13:59:01 Notice: Notice (8): Undefined index: facebook_id in [/opt/lampp/htdocs/hireroutes/app/views/users/facebook_user.ctp, line 15]
<<<<<<< HEAD
2012-01-12 15:09:13 Notice: Notice (8): Undefined variable: facebook in [/opt/lampp/htdocs/Hire-Routes/hireroutes/app/views/users/networker_signup.ctp, line 1]
=======
>>>>>>> f936c6bf0cbec9e05bd8755a5f0b45115c750d67
